{"numFailedTestSuites":0,"numFailedTests":0,"numPassedTestSuites":2,"numPassedTests":2,"numPendingTestSuites":0,"numPendingTests":0,"numRuntimeErrorTestSuites":0,"numTodoTests":0,"numTotalTestSuites":2,"numTotalTests":2,"openHandles":[],"snapshot":{"added":0,"didUpdate":false,"failure":false,"filesAdded":0,"filesRemoved":0,"filesRemovedList":[],"filesUnmatched":0,"filesUpdated":0,"matched":0,"total":0,"unchecked":0,"uncheckedKeysByFile":[],"unmatched":0,"updated":0},"startTime":1633543868450,"success":true,"testResults":[{"assertionResults":[{"ancestorTitles":[],"failureMessages":[],"fullName":"adds 1 + 2 to equal 3","location":null,"status":"passed","title":"adds 1 + 2 to equal 3"}],"endTime":1633543868700,"message":"","name":"/Users/shahedsalehian/src/github.com/shahedsalehian/circle-ci-challenge/sum.test.js","startTime":1633543868488,"status":"passed","summary":""},{"assertionResults":[{"ancestorTitles":[],"failureMessages":[],"fullName":"multiplies 1 * 2 to equal 2","location":null,"status":"passed","title":"multiplies 1 * 2 to equal 2"}],"endTime":1633543868742,"message":"","name":"/Users/shahedsalehian/src/github.com/shahedsalehian/circle-ci-challenge/multiply.test.js","startTime":1633543868706,"status":"passed","summary":""}],"wasInterrupted":false}